TN:
SF:extension/src/extension.ts
FN:7,activate
FN:14,deactivate
FNF:2
FNH:2
FNDA:1,activate
FNDA:1,deactivate
DA:2,1
DA:3,1
DA:7,1
DA:8,1
DA:9,1
DA:10,1
DA:14,1
LF:7
LH:7
BRF:0
BRH:0
end_of_record
TN:
SF:extension/src/invert/invert.ts
FN:7,(anonymous_0)
FN:19,(anonymous_1)
FNF:2
FNH:2
FNDA:178,(anonymous_0)
FNDA:178,(anonymous_1)
DA:1,1
DA:2,1
DA:3,1
DA:4,1
DA:6,1
DA:8,178
DA:9,178
DA:10,177
DA:11,177
DA:12,68
DA:14,109
DA:20,178
DA:21,178
DA:23,8
LF:14
LH:14
BRDA:9,0,0,177
BRDA:9,0,1,1
BRDA:11,1,0,68
BRDA:11,1,1,109
BRDA:11,2,0,177
BRDA:11,2,1,154
BRF:6
BRH:6
end_of_record
TN:
SF:extension/src/invert/invertHighlightedText/invertHighlightedText.ts
FN:9,(anonymous_0)
FN:14,(anonymous_1)
FN:21,(anonymous_2)
FN:32,(anonymous_3)
FN:38,(anonymous_4)
FN:47,(anonymous_5)
FN:48,(anonymous_6)
FNF:7
FNH:7
FNDA:91,(anonymous_0)
FNDA:70,(anonymous_1)
FNDA:91,(anonymous_2)
FNDA:91,(anonymous_3)
FNDA:109,(anonymous_4)
FNDA:109,(anonymous_5)
FNDA:109,(anonymous_6)
DA:1,1
DA:3,1
DA:4,1
DA:5,1
DA:8,1
DA:10,91
DA:11,91
DA:15,70
DA:22,91
DA:23,21
DA:25,70
DA:26,70
DA:27,53
DA:29,17
DA:33,91
DA:34,91
DA:35,91
DA:39,109
DA:40,109
DA:41,109
DA:42,91
DA:44,18
DA:48,109
DA:49,109
DA:50,109
DA:51,91
DA:52,91
LF:27
LH:27
BRDA:16,0,0,70
BRDA:16,0,1,45
BRDA:16,0,2,45
BRDA:22,1,0,21
BRDA:22,1,1,70
BRDA:26,2,0,53
BRDA:26,2,1,17
BRDA:26,3,0,70
BRDA:26,3,1,70
BRDA:33,4,0,91
BRDA:33,4,1,10
BRDA:41,5,0,91
BRDA:41,5,1,18
BRDA:41,6,0,109
BRDA:41,6,1,28
BRDA:50,7,0,91
BRDA:50,7,1,18
BRF:17
BRH:17
end_of_record
TN:
SF:extension/src/invert/invertHighlightedText/selectionBoundaryIfRanges/selectionEndIfRange.ts
FN:8,(anonymous_0)
FN:16,(anonymous_1)
FN:24,(anonymous_2)
FN:34,(anonymous_3)
FN:40,(anonymous_4)
FNF:5
FNH:5
FNDA:21,(anonymous_0)
FNDA:52,(anonymous_1)
FNDA:52,(anonymous_2)
FNDA:81,(anonymous_3)
FNDA:109,(anonymous_4)
DA:1,1
DA:3,1
DA:4,1
DA:7,1
DA:9,21
DA:17,52
DA:18,52
DA:19,50
DA:21,2
DA:25,52
DA:26,52
DA:27,52
DA:28,21
DA:29,21
DA:31,31
DA:35,81
DA:36,81
DA:37,81
DA:41,109
DA:42,52
DA:44,57
LF:21
LH:21
BRDA:10,0,0,21
BRDA:10,0,1,11
BRDA:10,0,2,9
BRDA:18,1,0,50
BRDA:18,1,1,2
BRDA:25,2,0,52
BRDA:25,2,1,28
BRDA:27,3,0,21
BRDA:27,3,1,31
BRDA:27,4,0,52
BRDA:27,4,1,21
BRDA:37,5,0,81
BRDA:37,5,1,79
BRDA:37,5,2,54
BRDA:41,6,0,52
BRDA:41,6,1,57
BRDA:41,7,0,109
BRDA:41,7,1,81
BRF:18
BRH:18
end_of_record
TN:
SF:extension/src/invert/invertHighlightedText/selectionBoundaryIfRanges/selectionStartIfRange.ts
FN:6,(anonymous_0)
FN:10,(anonymous_1)
FNF:2
FNH:2
FNDA:100,(anonymous_0)
FNDA:109,(anonymous_1)
DA:1,1
DA:2,1
DA:5,1
DA:7,100
DA:11,109
DA:12,109
DA:13,109
DA:14,109
DA:15,104
DA:16,104
DA:17,81
DA:19,23
LF:12
LH:12
BRDA:7,0,0,100
BRDA:7,0,1,100
BRDA:7,0,2,64
BRDA:14,1,0,5
BRDA:14,1,1,104
BRDA:16,2,0,81
BRDA:16,2,1,23
BRDA:16,3,0,104
BRDA:16,3,1,100
BRF:9
BRH:9
end_of_record
TN:
SF:extension/src/invert/invertHighlightedText/traversal/findIfStatementAtSelectionEnd.ts
FN:6,(anonymous_0)
FN:12,(anonymous_1)
FN:18,(anonymous_2)
FN:27,(anonymous_3)
FNF:4
FNH:4
FNDA:53,(anonymous_0)
FNDA:53,(anonymous_1)
FNDA:53,(anonymous_2)
FNDA:53,(anonymous_3)
DA:2,1
DA:5,1
DA:7,53
DA:8,53
DA:9,53
DA:13,53
DA:14,53
DA:15,53
DA:19,53
DA:20,53
DA:21,53
DA:22,19
DA:24,34
DA:28,53
DA:29,46
DA:31,7
DA:32,7
DA:33,3
LF:18
LH:18
BRDA:14,0,0,50
BRDA:14,0,1,3
BRDA:19,1,0,46
BRDA:19,1,1,7
BRDA:21,2,0,19
BRDA:21,2,1,34
BRDA:28,3,0,46
BRDA:28,3,1,7
BRDA:32,4,0,4
BRDA:32,4,1,3
BRF:10
BRH:10
end_of_record
TN:
SF:extension/src/invert/invertSelectedText/invertSelectedText.ts
FN:7,(anonymous_0)
FN:12,(anonymous_1)
FN:20,(anonymous_2)
FN:21,(anonymous_3)
FNF:4
FNH:4
FNDA:52,(anonymous_0)
FNDA:68,(anonymous_1)
FNDA:68,(anonymous_2)
FNDA:68,(anonymous_3)
DA:1,1
DA:2,1
DA:3,1
DA:6,1
DA:8,52
DA:9,52
DA:13,68
DA:14,68
DA:15,68
DA:16,68
DA:17,66
DA:21,68
DA:22,68
DA:23,60
DA:24,52
DA:25,52
LF:16
LH:16
BRDA:16,0,0,2
BRDA:16,0,1,66
BRDA:23,1,0,52
BRDA:23,1,1,8
BRF:4
BRH:4
end_of_record
TN:
SF:extension/src/invert/shared/isCursorOnIfWord.ts
FN:5,(anonymous_0)
FN:10,(anonymous_1)
FN:14,(anonymous_2)
FNF:3
FNH:3
FNDA:152,(anonymous_0)
FNDA:229,(anonymous_1)
FNDA:229,(anonymous_2)
DA:1,1
DA:4,1
DA:6,152
DA:11,229
DA:15,229
DA:16,229
DA:17,229
DA:20,229
DA:21,27
DA:22,202
DA:23,5
DA:25,197
LF:12
LH:12
BRDA:14,0,0,177
BRDA:20,1,0,27
BRDA:20,1,1,202
BRDA:22,2,0,5
BRDA:22,2,1,197
BRDA:22,3,0,202
BRDA:22,3,1,152
BRF:7
BRH:7
end_of_record
TN:
SF:extension/src/invert/shared/rangeCreator.ts
FN:5,(anonymous_0)
FNF:1
FNH:1
FNDA:983,(anonymous_0)
DA:2,1
DA:4,1
DA:6,983
LF:3
LH:3
BRF:0
BRH:0
end_of_record
TN:
SF:extension/src/invert/shared/functionality/errorHandling.ts
FN:4,(anonymous_0)
FN:8,(anonymous_1)
FNF:2
FNH:2
FNDA:8,(anonymous_0)
FNDA:8,(anonymous_1)
DA:1,1
DA:3,1
DA:5,8
DA:9,8
LF:4
LH:4
BRF:0
BRH:0
end_of_record
TN:
SF:extension/src/invert/shared/functionality/traversal/findIfStatementFullRange.ts
FN:6,(anonymous_0)
FN:25,(anonymous_1)
FN:30,(anonymous_2)
FN:33,(anonymous_3)
FN:34,(anonymous_4)
FN:40,(anonymous_5)
FN:45,(anonymous_6)
FNF:7
FNH:7
FNDA:3768,(anonymous_0)
FNDA:191,(anonymous_1)
FNDA:191,(anonymous_2)
FNDA:65,(anonymous_3)
FNDA:65,(anonymous_4)
FNDA:191,(anonymous_5)
FNDA:191,(anonymous_6)
DA:2,1
DA:5,1
DA:7,3768
DA:8,101
DA:9,101
DA:10,93
DA:12,3760
DA:13,3760
DA:14,150
DA:16,3610
DA:17,177
DA:18,173
DA:20,4
DA:22,3433
DA:27,191
DA:31,191
DA:32,191
DA:33,65
DA:34,65
DA:35,43
DA:37,148
DA:41,191
DA:42,191
DA:46,191
DA:47,191
DA:48,191
DA:49,191
DA:50,181
DA:51,181
DA:52,173
DA:53,173
LF:31
LH:31
BRDA:7,0,0,101
BRDA:7,0,1,3667
BRDA:13,1,0,150
BRDA:13,1,1,3610
BRDA:16,2,0,177
BRDA:16,2,1,3433
BRDA:17,3,0,173
BRDA:17,3,1,4
BRDA:27,4,0,191
BRDA:27,4,1,158
BRDA:32,5,0,43
BRDA:32,5,1,148
BRDA:49,6,0,10
BRDA:49,6,1,181
BRDA:50,7,0,144
BRDA:50,7,1,37
BRF:16
BRH:16
end_of_record
TN:
SF:extension/src/invert/shared/functionality/traversal/findIfStatementStart.ts
FN:7,(anonymous_0)
FN:15,(anonymous_1)
FN:31,(anonymous_2)
FN:36,(anonymous_3)
FNF:4
FNH:4
FNDA:3,(anonymous_0)
FNDA:107,(anonymous_1)
FNDA:147,(anonymous_2)
FNDA:177,(anonymous_3)
DA:2,1
DA:3,1
DA:6,1
DA:8,3
DA:9,3
DA:10,1
DA:12,2
DA:16,107
DA:17,107
DA:18,8
DA:20,99
DA:21,99
DA:24,99
DA:25,99
DA:26,52
DA:28,47
DA:32,147
DA:33,147
DA:37,177
DA:38,177
DA:39,147
DA:40,147
DA:41,55
DA:42,55
DA:43,3
DA:45,52
DA:47,92
DA:49,30
LF:28
LH:28
BRDA:9,0,0,1
BRDA:9,0,1,2
BRDA:17,1,0,8
BRDA:17,1,1,99
BRDA:25,2,0,52
BRDA:25,2,1,47
BRDA:36,3,0,68
BRDA:38,4,0,147
BRDA:38,4,1,30
BRDA:40,5,0,55
BRDA:40,5,1,92
BRDA:42,6,0,3
BRDA:42,6,1,52
BRDA:42,7,0,55
BRDA:42,7,1,23
BRF:15
BRH:15
end_of_record
TN:
SF:shared/consts/errors.ts
FNF:0
FNH:0
DA:1,1
DA:3,1
DA:5,1
LF:3
LH:3
BRF:0
BRH:0
end_of_record
TN:
SF:shared/src/ifInverter.ts
FN:6,(anonymous_0)
FNF:1
FNH:1
FNDA:771,(anonymous_0)
DA:1,1
DA:2,1
DA:3,1
DA:5,1
DA:7,771
DA:8,771
DA:9,769
DA:10,769
LF:8
LH:8
BRF:0
BRH:0
end_of_record
TN:
SF:shared/src/evaluator/evaluator.ts
FN:8,(anonymous_0)
FNF:1
FNH:1
FNDA:771,(anonymous_0)
DA:1,1
DA:2,1
DA:3,1
DA:7,1
DA:9,771
DA:10,771
DA:11,771
DA:12,15491
DA:13,7126
DA:14,8365
DA:15,800
DA:16,798
DA:17,798
DA:20,763
LF:14
LH:14
BRDA:12,0,0,7126
BRDA:12,0,1,8365
BRDA:14,1,0,800
BRDA:14,1,1,7565
BRDA:17,2,0,6
BRDA:17,2,1,792
BRF:6
BRH:6
end_of_record
TN:
SF:shared/src/evaluator/analyzeIfStatement/analyzeIfStatement.ts
FN:10,(anonymous_0)
FN:21,(anonymous_1)
FN:29,(anonymous_2)
FN:37,(anonymous_3)
FNF:4
FNH:4
FNDA:792,(anonymous_0)
FNDA:7126,(anonymous_1)
FNDA:800,(anonymous_2)
FNDA:800,(anonymous_3)
DA:1,1
DA:2,1
DA:3,1
DA:4,1
DA:6,1
DA:9,1
DA:11,792
DA:16,792
DA:17,792
DA:18,792
DA:22,7126
DA:23,6334
DA:25,792
DA:26,792
DA:30,800
DA:31,800
DA:32,798
DA:33,798
DA:34,798
DA:38,800
DA:39,800
DA:40,798
DA:41,798
LF:23
LH:23
BRDA:22,0,0,6334
BRDA:22,0,1,792
BRF:2
BRH:2
end_of_record
TN:
SF:shared/src/evaluator/analyzeIfStatement/analyzeRedundancies/analyzeEmptyIfStatement.ts
FN:4,(anonymous_0)
FNF:1
FNH:1
FNDA:798,(anonymous_0)
DA:3,1
DA:5,798
LF:2
LH:2
BRF:0
BRH:0
end_of_record
TN:
SF:shared/src/evaluator/analyzeIfStatement/analyzeRedundancies/analyzeRedundantBrackets.ts
FN:11,(anonymous_0)
FN:15,(anonymous_1)
FN:19,(anonymous_2)
FN:29,(anonymous_3)
FN:38,(anonymous_4)
FNF:5
FNH:5
FNDA:798,(anonymous_0)
FNDA:810,(anonymous_1)
FNDA:798,(anonymous_2)
FNDA:836,(anonymous_3)
FNDA:836,(anonymous_4)
DA:1,1
DA:10,1
DA:12,798
DA:16,810
DA:20,798
DA:23,798
DA:24,12
DA:26,798
DA:30,836
DA:39,836
DA:40,836
DA:41,836
DA:42,798
DA:44,38
DA:45,38
LF:15
LH:15
BRDA:12,0,0,798
BRDA:12,0,1,26
BRDA:12,0,2,23
BRDA:23,1,0,12
BRDA:23,1,1,786
BRDA:31,2,0,836
BRDA:31,2,1,809
BRDA:31,2,2,152
BRDA:31,2,3,86
BRDA:38,3,0,798
BRDA:41,4,0,798
BRDA:41,4,1,38
BRDA:45,5,0,12
BRDA:45,5,1,26
BRF:14
BRH:14
end_of_record
TN:
SF:shared/src/evaluator/analyzeIfStatement/analyzeTokens/analyzeStandaloneStatement.ts
FN:6,(anonymous_0)
FN:15,(anonymous_1)
FN:19,(anonymous_2)
FN:26,(anonymous_3)
FN:36,(anonymous_4)
FNF:5
FNH:5
FNDA:303,(anonymous_0)
FNDA:1161,(anonymous_1)
FNDA:42,(anonymous_2)
FNDA:162,(anonymous_3)
FNDA:1452,(anonymous_4)
DA:1,1
DA:5,1
DA:7,303
DA:8,303
DA:16,1161
DA:20,42
DA:27,162
DA:28,162
DA:29,162
DA:37,1452
DA:38,162
DA:39,1290
DA:40,42
DA:41,1248
DA:42,1161
DA:44,1452
DA:45,303
LF:17
LH:17
BRDA:37,0,0,162
BRDA:37,0,1,1290
BRDA:39,1,0,42
BRDA:39,1,1,1248
BRDA:39,2,0,1290
BRDA:39,2,1,81
BRDA:41,3,0,1161
BRDA:41,3,1,87
BRDA:44,4,0,303
BRDA:44,4,1,1149
BRDA:44,5,0,1452
BRDA:44,5,1,408
BRF:12
BRH:12
end_of_record
TN:
SF:shared/src/evaluator/analyzeIfStatement/analyzeTokens/analyzeTokens.ts
FN:13,(anonymous_0)
FNF:1
FNH:1
FNDA:6334,(anonymous_0)
DA:1,1
DA:2,1
DA:3,1
DA:4,1
DA:5,1
DA:6,1
DA:8,1
DA:9,1
DA:12,1
DA:14,6334
DA:15,6334
DA:17,451
DA:19,423
DA:20,423
DA:22,423
DA:23,423
DA:26,765
DA:29,87
DA:31,21
DA:34,39
DA:35,39
DA:38,54
DA:42,36
DA:49,459
DA:50,459
DA:54,4920
LF:26
LH:26
BRDA:15,0,0,451
BRDA:15,0,1,423
BRDA:15,0,2,423
BRDA:15,0,3,445
BRDA:15,0,4,765
BRDA:15,0,5,66
BRDA:15,0,6,87
BRDA:15,0,7,21
BRDA:15,0,8,18
BRDA:15,0,9,39
BRDA:15,0,10,12
BRDA:15,0,11,54
BRDA:15,0,12,15
BRDA:15,0,13,24
BRDA:15,0,14,36
BRDA:15,0,15,291
BRDA:15,0,16,453
BRDA:15,0,17,453
BRDA:15,0,18,453
BRDA:15,0,19,456
BRDA:15,0,20,459
BRDA:15,0,21,3576
BRF:22
BRH:22
end_of_record
TN:
SF:shared/src/evaluator/analyzeIfStatement/analyzeTokens/analyzeSyntax/analyzeBitwiseShiftOperator.ts
FN:6,(anonymous_0)
FN:12,(anonymous_1)
FNF:2
FNH:2
FNDA:87,(anonymous_0)
FNDA:9,(anonymous_1)
DA:2,1
DA:5,1
DA:7,87
DA:8,87
DA:9,87
DA:13,9
DA:14,9
DA:15,9
DA:16,9
LF:9
LH:9
BRDA:16,0,0,6
BRDA:16,0,1,3
BRDA:16,1,0,9
BRDA:16,1,1,6
BRF:4
BRH:4
end_of_record
TN:
SF:shared/src/evaluator/analyzeIfStatement/analyzeTokens/analyzeSyntax/analyzeBooleanLiteral.ts
FN:5,(anonymous_0)
FN:9,(anonymous_1)
FN:13,(anonymous_2)
FN:21,(anonymous_3)
FNF:4
FNH:4
FNDA:39,(anonymous_0)
FNDA:78,(anonymous_1)
FNDA:24,(anonymous_2)
FNDA:54,(anonymous_3)
DA:4,1
DA:6,39
DA:10,78
DA:14,24
DA:15,6
DA:17,18
DA:22,54
DA:23,54
DA:24,48
DA:25,48
DA:27,6
LF:11
LH:11
BRDA:10,0,0,78
BRDA:10,0,1,66
BRDA:10,0,2,24
BRDA:10,0,3,24
BRDA:14,1,0,6
BRDA:14,1,1,18
BRDA:23,2,0,48
BRDA:23,2,1,6
BRF:8
BRH:8
end_of_record
TN:
SF:shared/src/evaluator/analyzeIfStatement/analyzeTokens/analyzeSyntax/analyzeBrackatableSyntax.ts
FN:4,(anonymous_0)
FN:9,(anonymous_1)
FNF:2
FNH:2
FNDA:474,(anonymous_0)
FNDA:474,(anonymous_1)
DA:3,1
DA:5,474
DA:10,474
DA:11,474
DA:12,30
LF:5
LH:5
BRDA:5,0,0,474
BRDA:5,0,1,219
BRDA:11,1,0,30
BRDA:11,1,1,444
BRF:4
BRH:4
end_of_record
TN:
SF:shared/src/evaluator/analyzeIfStatement/analyzeTokens/analyzeSyntax/analyzeBracket.ts
FN:4,(anonymous_0)
FN:11,(anonymous_1)
FNF:2
FNH:2
FNDA:423,(anonymous_0)
FNDA:423,(anonymous_1)
DA:3,1
DA:5,423
DA:6,192
DA:8,423
DA:12,423
LF:5
LH:5
BRDA:5,0,0,192
BRDA:5,0,1,231
BRDA:5,1,0,423
BRDA:5,1,1,294
BRF:4
BRH:4
end_of_record
TN:
SF:shared/src/evaluator/analyzeIfStatement/analyzeTokens/analyzeSyntax/analyzeEqualsSign.ts
FN:5,(anonymous_0)
FN:12,(anonymous_1)
FNF:2
FNH:2
FNDA:39,(anonymous_0)
FNDA:39,(anonymous_1)
DA:4,1
DA:6,39
DA:7,15
DA:9,24
DA:13,39
DA:14,39
DA:16,39
LF:7
LH:7
BRDA:6,0,0,15
BRDA:6,0,1,24
BRF:2
BRH:2
end_of_record
TN:
SF:shared/src/evaluator/analyzeIfStatement/analyzeTokens/analyzeSyntax/analyzeExclamationMark.ts
FN:7,(anonymous_0)
FN:16,(anonymous_1)
FN:25,(anonymous_2)
FNF:3
FNH:3
FNDA:414,(anonymous_0)
FNDA:171,(anonymous_1)
FNDA:451,(anonymous_2)
DA:1,1
DA:4,1
DA:6,1
DA:8,414
DA:10,414
DA:11,243
DA:13,171
DA:17,171
DA:18,171
DA:19,171
DA:20,108
DA:22,63
DA:26,451
DA:27,451
DA:30,171
DA:31,171
DA:32,280
DA:33,256
DA:35,162
DA:36,162
DA:37,94
DA:39,18
DA:42,100
LF:23
LH:23
BRDA:10,0,0,243
BRDA:10,0,1,171
BRDA:10,1,0,414
BRDA:10,1,1,213
BRDA:10,1,2,186
BRDA:19,2,0,108
BRDA:19,2,1,63
BRDA:27,3,0,171
BRDA:27,3,1,280
BRDA:32,4,0,256
BRDA:32,4,1,24
BRDA:33,5,0,162
BRDA:33,5,1,94
BRDA:37,6,0,18
BRDA:37,6,1,76
BRF:15
BRH:15
end_of_record
TN:
SF:shared/src/evaluator/analyzeIfStatement/analyzeTokens/analyzeSyntax/analyzeGreaterOrLessThanSign.ts
FN:6,(anonymous_0)
FN:17,(anonymous_1)
FNF:2
FNH:2
FNDA:78,(anonymous_0)
FNDA:87,(anonymous_1)
DA:1,1
DA:5,1
DA:7,78
DA:8,78
DA:9,78
DA:10,57
DA:11,57
DA:13,21
DA:14,21
DA:18,87
DA:19,9
DA:21,78
LF:12
LH:12
BRDA:9,0,0,57
BRDA:9,0,1,21
BRDA:18,1,0,9
BRDA:18,1,1,78
BRF:4
BRH:4
end_of_record
TN:
SF:shared/src/evaluator/analyzeIfStatement/analyzeTokens/analyzeSyntax/analyzeLogicalOperator.ts
FN:9,(anonymous_0)
FN:21,(anonymous_1)
FN:36,(anonymous_2)
FNF:3
FNH:3
FNDA:660,(anonymous_0)
FNDA:759,(anonymous_1)
FNDA:765,(anonymous_2)
DA:1,1
DA:2,1
DA:3,1
DA:5,1
DA:8,1
DA:15,660
DA:16,660
DA:17,660
DA:18,660
DA:27,759
DA:28,660
DA:29,99
DA:31,30
DA:33,759
DA:37,765
DA:38,765
DA:39,759
DA:40,759
DA:42,759
DA:45,6
DA:46,6
LF:21
LH:21
BRDA:27,0,0,660
BRDA:27,0,1,99
BRDA:29,1,0,30
BRDA:29,1,1,69
BRDA:29,2,0,99
BRDA:29,2,1,99
BRDA:38,3,0,759
BRDA:38,3,1,6
BRDA:38,4,0,765
BRDA:38,4,1,323
BRF:10
BRH:10
end_of_record
TN:
SF:shared/src/evaluator/evaluationState/evaluationStateUtil.ts
FN:4,(anonymous_0)
FN:21,(anonymous_1)
FNF:2
FNH:2
FNDA:771,(anonymous_0)
FNDA:1452,(anonymous_1)
DA:3,1
DA:5,771
DA:22,1452
DA:23,1452
DA:24,1452
DA:25,1452
LF:6
LH:6
BRF:0
BRH:0
end_of_record
TN:
SF:shared/src/inverter/inverter.ts
FN:11,(anonymous_0)
FN:47,(anonymous_1)
FN:49,(anonymous_2)
FNF:3
FNH:3
FNDA:2112,(anonymous_0)
FNDA:769,(anonymous_1)
FNDA:2415,(anonymous_2)
DA:1,1
DA:2,1
DA:4,1
DA:5,1
DA:6,1
DA:7,1
DA:10,1
DA:18,2112
DA:19,2112
DA:21,21
DA:22,21
DA:25,48
DA:26,48
DA:29,660
DA:30,660
DA:32,361
DA:33,361
DA:38,48
DA:39,48
DA:41,974
DA:44,2112
DA:48,769
DA:49,769
DA:50,2415
DA:51,2415
DA:52,303
DA:54,2112
LF:27
LH:27
BRDA:19,0,0,21
BRDA:19,0,1,33
BRDA:19,0,2,48
BRDA:19,0,3,355
BRDA:19,0,4,660
BRDA:19,0,5,361
BRDA:19,0,6,21
BRDA:19,0,7,36
BRDA:19,0,8,45
BRDA:19,0,9,48
BRDA:19,0,10,974
BRDA:51,1,0,303
BRDA:51,1,1,2112
BRF:13
BRH:13
end_of_record
TN:
SF:shared/src/inverter/insert/insertBrackets.ts
FN:6,(anonymous_0)
FN:10,(anonymous_1)
FNF:2
FNH:2
FNDA:2758,(anonymous_0)
FNDA:303,(anonymous_1)
DA:2,1
DA:5,1
DA:7,2758
DA:11,303
DA:12,303
DA:13,303
LF:6
LH:6
BRF:0
BRH:0
end_of_record
TN:
SF:shared/src/inverter/insert/insertNewSyntax.ts
FN:4,(anonymous_0)
FNF:1
FNH:1
FNDA:1751,(anonymous_0)
DA:3,1
DA:5,1751
DA:6,1751
LF:3
LH:3
BRF:0
BRH:0
end_of_record
TN:
SF:shared/src/inverter/invert/invertBooleanLiteral.ts
FN:13,(anonymous_0)
FN:17,(anonymous_1)
FNF:2
FNH:2
FNDA:48,(anonymous_0)
FNDA:48,(anonymous_1)
DA:2,1
DA:5,1
DA:6,1
DA:14,48
DA:18,48
DA:19,36
DA:20,36
DA:22,12
DA:24,48
LF:9
LH:9
BRDA:18,0,0,36
BRDA:18,0,1,12
BRF:2
BRH:2
end_of_record
TN:
SF:shared/src/inverter/invert/invertGreaterOrLessThanSign.ts
FN:6,(anonymous_0)
FN:12,(anonymous_1)
FN:16,(anonymous_2)
FNF:3
FNH:3
FNDA:48,(anonymous_0)
FNDA:27,(anonymous_1)
FNDA:48,(anonymous_2)
DA:2,1
DA:5,1
DA:9,48
DA:13,27
DA:17,48
DA:18,48
DA:19,27
DA:20,27
DA:22,21
DA:24,48
LF:10
LH:10
BRDA:17,0,0,15
BRDA:17,0,1,33
BRDA:18,1,0,27
BRDA:18,1,1,21
BRF:4
BRH:4
end_of_record
TN:
SF:shared/src/inverter/invert/invertLogicalOperator.ts
FN:4,(anonymous_0)
FNF:1
FNH:1
FNDA:660,(anonymous_0)
DA:3,1
DA:5,660
DA:6,660
DA:7,660
LF:4
LH:4
BRDA:5,0,0,305
BRDA:5,0,1,355
BRF:2
BRH:2
end_of_record
TN:
SF:shared/src/inverter/invert/invertNegatedSyntax.ts
FN:8,(anonymous_0)
FN:22,(anonymous_1)
FN:26,(anonymous_2)
FN:31,(anonymous_3)
FN:40,(anonymous_4)
FN:44,(anonymous_5)
FNF:6
FNH:6
FNDA:162,(anonymous_0)
FNDA:205,(anonymous_1)
FNDA:205,(anonymous_2)
FNDA:205,(anonymous_3)
FNDA:18,(anonymous_4)
FNDA:361,(anonymous_5)
DA:2,1
DA:3,1
DA:4,1
DA:7,1
DA:14,162
DA:15,162
DA:16,162
DA:17,162
DA:18,162
DA:19,162
DA:23,205
DA:27,205
DA:28,205
DA:32,205
DA:34,205
DA:35,162
DA:37,205
DA:41,18
DA:51,361
DA:52,18
DA:53,343
DA:54,138
DA:56,205
DA:58,361
LF:24
LH:24
BRDA:34,0,0,162
BRDA:34,0,1,43
BRDA:51,1,0,18
BRDA:51,1,1,343
BRDA:53,2,0,138
BRDA:53,2,1,205
BRF:6
BRH:6
end_of_record
TN:
SF:shared/src/shared/consts/errors.ts
FNF:0
FNH:0
DA:1,1
LF:1
LH:1
BRF:0
BRH:0
end_of_record
TN:
SF:shared/src/shared/functionality/traversalUtil.ts
FN:5,(anonymous_0)
FN:13,(anonymous_1)
FN:20,(anonymous_2)
FNF:3
FNH:3
FNDA:7822,(anonymous_0)
FNDA:399,(anonymous_1)
FNDA:21418,(anonymous_2)
DA:1,1
DA:4,1
DA:6,7822
DA:7,5532
DA:9,2290
DA:10,2290
DA:14,399
DA:15,36
DA:17,363
DA:21,21418
DA:22,2
DA:24,21416
DA:25,2486
DA:27,18930
DA:28,2484
DA:29,1316
DA:31,1168
DA:33,16446
LF:18
LH:18
BRDA:5,0,0,4393
BRDA:6,1,0,5532
BRDA:6,1,1,2290
BRDA:6,2,0,7822
BRDA:6,2,1,5574
BRDA:9,3,0,2037
BRDA:9,3,1,253
BRDA:14,4,0,36
BRDA:14,4,1,363
BRDA:20,5,0,1318
BRDA:21,6,0,2
BRDA:21,6,1,21416
BRDA:24,7,0,2486
BRDA:24,7,1,18930
BRDA:27,8,0,2484
BRDA:27,8,1,16446
BRDA:28,9,0,1316
BRDA:28,9,1,1168
BRF:18
BRH:18
end_of_record
TN:
SF:shared/src/tokenizer/tokenizer.ts
FN:4,(anonymous_0)
FNF:1
FNH:1
FNDA:771,(anonymous_0)
DA:3,1
DA:5,771
DA:10,770
LF:3
LH:3
BRDA:5,0,0,1
BRDA:5,0,1,770
BRF:2
BRH:2
end_of_record
